0 info it worked if it ends with ok
1 verbose cli [ 'node', '/usr/local/bin/npm', 'install', 'mongoose', '--save' ]
2 info using npm@1.4.28
3 info using node@v0.10.33
4 warn package.json Multivision@1.0.0 No description
5 warn package.json Multivision@1.0.0 No repository field.
6 warn package.json Multivision@1.0.0 No README data
7 verbose readDependencies using package.json deps
8 verbose cache add [ 'mongoose', null ]
9 verbose cache add name=undefined spec="mongoose" args=["mongoose",null]
10 verbose parsed url { protocol: null,
10 verbose parsed url   slashes: null,
10 verbose parsed url   auth: null,
10 verbose parsed url   host: null,
10 verbose parsed url   port: null,
10 verbose parsed url   hostname: null,
10 verbose parsed url   hash: null,
10 verbose parsed url   search: null,
10 verbose parsed url   query: null,
10 verbose parsed url   pathname: 'mongoose',
10 verbose parsed url   path: 'mongoose',
10 verbose parsed url   href: 'mongoose' }
11 silly lockFile f25dbdd3-mongoose mongoose
12 verbose lock mongoose /Users/rafaelpossas/.npm/f25dbdd3-mongoose.lock
13 silly lockFile f25dbdd3-mongoose mongoose
14 silly lockFile f25dbdd3-mongoose mongoose
15 verbose addNamed [ 'mongoose', '' ]
16 verbose addNamed [ null, '*' ]
17 silly lockFile 3bb0fc31-mongoose mongoose@
18 verbose lock mongoose@ /Users/rafaelpossas/.npm/3bb0fc31-mongoose.lock
19 silly addNameRange { name: 'mongoose', range: '*', hasData: false }
20 verbose request where is /mongoose
21 verbose request registry https://registry.npmjs.org/
22 verbose request id 6e8ecbd637c88786
23 verbose url raw /mongoose
24 verbose url resolving [ 'https://registry.npmjs.org/', './mongoose' ]
25 verbose url resolved https://registry.npmjs.org/mongoose
26 verbose request where is https://registry.npmjs.org/mongoose
27 info trying registry request attempt 1 at 16:26:17
28 verbose etag "59X9KGI1JAGH1FZT2ZRYOLIFB"
29 http GET https://registry.npmjs.org/mongoose
30 http 200 https://registry.npmjs.org/mongoose
31 silly registry.get cb [ 200,
31 silly registry.get   { date: 'Mon, 09 Feb 2015 18:26:18 GMT',
31 silly registry.get     server: 'CouchDB/1.5.0 (Erlang OTP/R16B03)',
31 silly registry.get     etag: '"9YJE3YLHAY7ZR324HLBGJZ2TU"',
31 silly registry.get     'content-type': 'application/json',
31 silly registry.get     'cache-control': 'max-age=60',
31 silly registry.get     'content-length': '294359',
31 silly registry.get     'accept-ranges': 'bytes',
31 silly registry.get     via: '1.1 varnish',
31 silly registry.get     age: '0',
31 silly registry.get     'x-served-by': 'cache-jfk1023-JFK',
31 silly registry.get     'x-cache': 'HIT',
31 silly registry.get     'x-cache-hits': '1',
31 silly registry.get     'x-timer': 'S1423506378.926481,VS0,VE18',
31 silly registry.get     vary: 'Accept',
31 silly registry.get     'keep-alive': 'timeout=10, max=50',
31 silly registry.get     connection: 'Keep-Alive' } ]
32 silly addNameRange number 2 { name: 'mongoose', range: '*', hasData: true }
33 silly addNameRange versions [ 'mongoose',
33 silly addNameRange   [ '0.0.1',
33 silly addNameRange     '0.0.2',
33 silly addNameRange     '0.0.3',
33 silly addNameRange     '0.0.4',
33 silly addNameRange     '0.0.5',
33 silly addNameRange     '1.0.0',
33 silly addNameRange     '1.0.1',
33 silly addNameRange     '1.0.2',
33 silly addNameRange     '0.0.6',
33 silly addNameRange     '1.0.3',
33 silly addNameRange     '1.0.4',
33 silly addNameRange     '1.0.5',
33 silly addNameRange     '1.0.6',
33 silly addNameRange     '1.0.7',
33 silly addNameRange     '1.0.8',
33 silly addNameRange     '1.0.10',
33 silly addNameRange     '1.0.11',
33 silly addNameRange     '1.0.12',
33 silly addNameRange     '1.0.13',
33 silly addNameRange     '1.0.14',
33 silly addNameRange     '1.0.15',
33 silly addNameRange     '1.0.16',
33 silly addNameRange     '1.1.0',
33 silly addNameRange     '1.1.1',
33 silly addNameRange     '1.1.2',
33 silly addNameRange     '1.1.3',
33 silly addNameRange     '1.1.4',
33 silly addNameRange     '1.1.5',
33 silly addNameRange     '1.1.6',
33 silly addNameRange     '1.1.7',
33 silly addNameRange     '1.1.8',
33 silly addNameRange     '1.1.9',
33 silly addNameRange     '1.1.10',
33 silly addNameRange     '1.1.11',
33 silly addNameRange     '1.1.12',
33 silly addNameRange     '1.1.13',
33 silly addNameRange     '1.1.14',
33 silly addNameRange     '1.1.15',
33 silly addNameRange     '1.1.16',
33 silly addNameRange     '1.1.17',
33 silly addNameRange     '1.1.18',
33 silly addNameRange     '1.1.19',
33 silly addNameRange     '1.1.20',
33 silly addNameRange     '1.1.21',
33 silly addNameRange     '1.1.22',
33 silly addNameRange     '1.1.23',
33 silly addNameRange     '1.1.24',
33 silly addNameRange     '1.1.25',
33 silly addNameRange     '1.2.0',
33 silly addNameRange     '1.3.0',
33 silly addNameRange     '1.3.1',
33 silly addNameRange     '1.3.2',
33 silly addNameRange     '1.3.3',
33 silly addNameRange     '1.3.4',
33 silly addNameRange     '1.3.5',
33 silly addNameRange     '1.3.6',
33 silly addNameRange     '1.3.7',
33 silly addNameRange     '1.4.0',
33 silly addNameRange     '1.5.0',
33 silly addNameRange     '1.6.0',
33 silly addNameRange     '1.7.2',
33 silly addNameRange     '1.7.3',
33 silly addNameRange     '1.7.4',
33 silly addNameRange     '1.8.0',
33 silly addNameRange     '1.8.1',
33 silly addNameRange     '1.8.2',
33 silly addNameRange     '1.8.3',
33 silly addNameRange     '1.8.4',
33 silly addNameRange     '2.0.0',
33 silly addNameRange     '2.0.1',
33 silly addNameRange     '2.0.2',
33 silly addNameRange     '2.0.3',
33 silly addNameRange     '2.0.4',
33 silly addNameRange     '2.1.0',
33 silly addNameRange     '2.1.1',
33 silly addNameRange     '2.1.2',
33 silly addNameRange     '2.1.3',
33 silly addNameRange     '2.1.4',
33 silly addNameRange     '2.2.0',
33 silly addNameRange     '2.2.1',
33 silly addNameRange     '2.2.2',
33 silly addNameRange     '2.2.3',
33 silly addNameRange     '2.2.4',
33 silly addNameRange     '2.3.0',
33 silly addNameRange     '2.3.1',
33 silly addNameRange     '2.3.2',
33 silly addNameRange     '2.3.3',
33 silly addNameRange     '2.3.4',
33 silly addNameRange     '2.3.5',
33 silly addNameRange     '2.3.6',
33 silly addNameRange     '2.3.7',
33 silly addNameRange     '2.3.8',
33 silly addNameRange     '2.3.9',
33 silly addNameRange     '2.3.10',
33 silly addNameRange     '2.3.11',
33 silly addNameRange     '2.3.12',
33 silly addNameRange     '2.3.13',
33 silly addNameRange     '2.4.0',
33 silly addNameRange     '2.4.1',
33 silly addNameRange     '2.4.2',
33 silly addNameRange     '2.4.3',
33 silly addNameRange     '2.4.4',
33 silly addNameRange     '2.4.5',
33 silly addNameRange     '2.4.6',
33 silly addNameRange     '2.4.7',
33 silly addNameRange     '2.4.8',
33 silly addNameRange     '2.4.9',
33 silly addNameRange     '2.4.10',
33 silly addNameRange     '2.5.0',
33 silly addNameRange     '2.5.1',
33 silly addNameRange     '2.5.2',
33 silly addNameRange     '2.5.3',
33 silly addNameRange     '2.5.4',
33 silly addNameRange     '2.5.5',
33 silly addNameRange     '2.5.6',
33 silly addNameRange     '2.5.7',
33 silly addNameRange     '2.5.8',
33 silly addNameRange     '2.5.9',
33 silly addNameRange     '2.5.10',
33 silly addNameRange     '2.5.11',
33 silly addNameRange     '2.5.12',
33 silly addNameRange     '2.5.13',
33 silly addNameRange     '2.5.14',
33 silly addNameRange     '2.6.0',
33 silly addNameRange     '2.6.1',
33 silly addNameRange     '2.6.2',
33 silly addNameRange     '2.6.3',
33 silly addNameRange     '2.6.4',
33 silly addNameRange     '2.6.5',
33 silly addNameRange     '2.6.6',
33 silly addNameRange     '2.6.7',
33 silly addNameRange     '2.6.8',
33 silly addNameRange     '2.7.0',
33 silly addNameRange     '2.7.1',
33 silly addNameRange     '2.7.2',
33 silly addNameRange     '2.7.4',
33 silly addNameRange     '2.7.3',
33 silly addNameRange     '3.0.0',
33 silly addNameRange     '3.0.1',
33 silly addNameRange     '3.0.2',
33 silly addNameRange     '2.8.0',
33 silly addNameRange     '3.0.3',
33 silly addNameRange     '3.1.0',
33 silly addNameRange     '2.8.1',
33 silly addNameRange     '3.1.1',
33 silly addNameRange     '2.8.2',
33 silly addNameRange     '2.8.3',
33 silly addNameRange     '2.9.0',
33 silly addNameRange     '3.2.0',
33 silly addNameRange     '2.9.1',
33 silly addNameRange     '3.2.1',
33 silly addNameRange     '2.9.2',
33 silly addNameRange     '3.2.2',
33 silly addNameRange     '3.3.0',
33 silly addNameRange     '3.3.1',
33 silly addNameRange     '2.9.3',
33 silly addNameRange     '3.4.0',
33 silly addNameRange     '2.9.4',
33 silly addNameRange     '2.9.5',
33 silly addNameRange     '3.5.0',
33 silly addNameRange     '3.5.1',
33 silly addNameRange     '3.5.2',
33 silly addNameRange     '3.5.3',
33 silly addNameRange     '2.9.6',
33 silly addNameRange     '2.9.7',
33 silly addNameRange     '3.5.4',
33 silly addNameRange     '3.5.5',
33 silly addNameRange     '2.9.8',
33 silly addNameRange     '2.9.9',
33 silly addNameRange     '3.5.6',
33 silly addNameRange     '3.5.7',
33 silly addNameRange     '3.5.8',
33 silly addNameRange     '2.9.10',
33 silly addNameRange     '3.5.9',
33 silly addNameRange     '3.6.2',
33 silly addNameRange     '3.5.10',
33 silly addNameRange     '3.6.3',
33 silly addNameRange     '3.5.11',
33 silly addNameRange     '3.6.4',
33 silly addNameRange     '3.6.5',
33 silly addNameRange     '3.6.6',
33 silly addNameRange     '3.6.7',
33 silly addNameRange     '3.5.12',
33 silly addNameRange     '3.6.8',
33 silly addNameRange     '3.6.9',
33 silly addNameRange     '3.6.10',
33 silly addNameRange     '3.5.13',
33 silly addNameRange     '3.5.14',
33 silly addNameRange     '3.6.11',
33 silly addNameRange     '3.6.12',
33 silly addNameRange     '3.6.13',
33 silly addNameRange     '3.6.14',
33 silly addNameRange     '3.6.15',
33 silly addNameRange     '3.5.15',
33 silly addNameRange     '3.7.0',
33 silly addNameRange     '3.6.16',
33 silly addNameRange     '3.5.16',
33 silly addNameRange     '3.6.17',
33 silly addNameRange     '3.7.2',
33 silly addNameRange     '3.0.0-alpha1',
33 silly addNameRange     '3.0.0-alpha2',
33 silly addNameRange     '3.0.0-rc0',
33 silly addNameRange     '3.6.0-rc0',
33 silly addNameRange     '3.6.0-rc1',
33 silly addNameRange     '3.6.18',
33 silly addNameRange     '3.7.3',
33 silly addNameRange     '3.6.19',
33 silly addNameRange     '3.6.20',
33 silly addNameRange     '3.7.4',
33 silly addNameRange     '3.8.0',
33 silly addNameRange     '3.8.1',
33 silly addNameRange     '3.8.2',
33 silly addNameRange     '3.8.3',
33 silly addNameRange     '3.8.4',
33 silly addNameRange     '3.8.5',
33 silly addNameRange     '3.8.6',
33 silly addNameRange     '3.8.7',
33 silly addNameRange     '3.8.8',
33 silly addNameRange     '3.8.9',
33 silly addNameRange     '3.8.10',
33 silly addNameRange     '3.8.11',
33 silly addNameRange     '3.9.0',
33 silly addNameRange     '3.8.12',
33 silly addNameRange     '3.8.13',
33 silly addNameRange     '3.8.14',
33 silly addNameRange     '3.8.15',
33 silly addNameRange     '3.9.1',
33 silly addNameRange     '3.8.16',
33 silly addNameRange     '3.9.2',
33 silly addNameRange     '3.8.17',
33 silly addNameRange     '3.9.3',
33 silly addNameRange     '3.8.18',
33 silly addNameRange     '3.9.4',
33 silly addNameRange     '3.8.19',
33 silly addNameRange     '3.9.5',
33 silly addNameRange     '3.8.20',
33 silly addNameRange     '3.9.6',
33 silly addNameRange     '3.8.21',
33 silly addNameRange     '3.9.7',
33 silly addNameRange     '3.8.22',
33 silly addNameRange     '4.0.0-rc0',
33 silly addNameRange     '4.0.0-rc1',
33 silly addNameRange     '3.8.23' ] ]
34 verbose addNamed [ 'mongoose', '3.8.23' ]
35 verbose addNamed [ '3.8.23', '3.8.23' ]
36 silly lockFile 938c12eb-mongoose-3-8-23 mongoose@3.8.23
37 verbose lock mongoose@3.8.23 /Users/rafaelpossas/.npm/938c12eb-mongoose-3-8-23.lock
38 silly lockFile 3793a4e1-org-mongoose-mongoose-3-8-23-tgz https://registry.npmjs.org/mongoose/-/mongoose-3.8.23.tgz
39 verbose lock https://registry.npmjs.org/mongoose/-/mongoose-3.8.23.tgz /Users/rafaelpossas/.npm/3793a4e1-org-mongoose-mongoose-3-8-23-tgz.lock
40 verbose addRemoteTarball [ 'https://registry.npmjs.org/mongoose/-/mongoose-3.8.23.tgz',
40 verbose addRemoteTarball   'c2dbee69d9d3776006330165f6e2681174c2ce6b' ]
41 info retry fetch attempt 1 at 16:26:19
42 verbose fetch to= /var/folders/cr/j5f3n2j146bf_mdbvffdff280000gn/T/npm-30481-kNi6juwj/registry.npmjs.org/mongoose/-/mongoose-3.8.23.tgz
43 http GET https://registry.npmjs.org/mongoose/-/mongoose-3.8.23.tgz
44 http 200 https://registry.npmjs.org/mongoose/-/mongoose-3.8.23.tgz
45 silly lockFile 3793a4e1-org-mongoose-mongoose-3-8-23-tgz https://registry.npmjs.org/mongoose/-/mongoose-3.8.23.tgz
46 silly lockFile 3793a4e1-org-mongoose-mongoose-3-8-23-tgz https://registry.npmjs.org/mongoose/-/mongoose-3.8.23.tgz
47 silly lockFile 938c12eb-mongoose-3-8-23 mongoose@3.8.23
48 silly lockFile 938c12eb-mongoose-3-8-23 mongoose@3.8.23
49 silly lockFile 3bb0fc31-mongoose mongoose@
50 silly lockFile 3bb0fc31-mongoose mongoose@
51 error Error: EACCES, mkdir '/Users/rafaelpossas/.npm/mongoose/3.8.23'
51 error  { [Error: EACCES, mkdir '/Users/rafaelpossas/.npm/mongoose/3.8.23']
51 error   errno: 3,
51 error   code: 'EACCES',
51 error   path: '/Users/rafaelpossas/.npm/mongoose/3.8.23',
51 error   parent: 'Multivision' }
52 error Please try running this command again as root/Administrator.
53 error System Darwin 14.0.0
54 error command "node" "/usr/local/bin/npm" "install" "mongoose" "--save"
55 error cwd /Users/rafaelpossas/Dev/Multivision
56 error node -v v0.10.33
57 error npm -v 1.4.28
58 error path /Users/rafaelpossas/.npm/mongoose/3.8.23
59 error code EACCES
60 error errno 3
61 error stack Error: EACCES, mkdir '/Users/rafaelpossas/.npm/mongoose/3.8.23'
62 verbose exit [ 3, true ]
